Build started 16/02/2018 20:51:49.
     1>Project "D:\DXTK\DXTK\DXTK.vcxproj" on node 2 (Build target(s)).
     1>ClCompile:
         C:\Program Files (x86)\Microsoft Visual Studio 14.0\VC\bin\amd64\CL.exe /c /ID:\DXTK\packages\directxtk_desktop_2015.2017.12.13.1\build\native\../..//build/native/include/ /ZI /nologo /W3 /WX- /Od /D HAS_DIRECTXTK /D WIN32 /D _DEBUG /D _WINDOWS /D _UNICODE /D UNICODE /Gm /EHsc /RTC1 /MDd /GS /fp:fast /Zc:wchar_t /Zc:forScope /Zc:inline /Yc"pch.h" /Fp"x64\Debug\DXTK.pch" /Fo"x64\Debug\\" /Fd"x64\Debug\vc140.pdb" /Gd /TP /errorReport:prompt pch.cpp
         pch.cpp
         C:\Program Files (x86)\Microsoft Visual Studio 14.0\VC\bin\amd64\CL.exe /c /ID:\DXTK\packages\directxtk_desktop_2015.2017.12.13.1\build\native\../..//build/native/include/ /ZI /nologo /W3 /WX- /Od /D HAS_DIRECTXTK /D WIN32 /D _DEBUG /D _WINDOWS /D _UNICODE /D UNICODE /Gm /EHsc /RTC1 /MDd /GS /fp:fast /Zc:wchar_t /Zc:forScope /Zc:inline /Yu"pch.h" /Fp"x64\Debug\DXTK.pch" /Fo"x64\Debug\\" /Fd"x64\Debug\vc140.pdb" /Gd /TP /errorReport:prompt Game.cpp Main.cpp Sprite.cpp Sprite2D.cpp
         Sprite2D.cpp
         Sprite.cpp
         Main.cpp
         Game.cpp
     1>d:\dxtk\dxtk\game.cpp(44): warning C4244: 'argument': conversion from 'int' to 'float', possible loss of data
     1>d:\dxtk\dxtk\game.cpp(120): warning C4244: 'argument': conversion from 'double' to 'float', possible loss of data
         Generating Code...
       ResourceCompile:
         C:\Program Files (x86)\Windows Kits\8.1\bin\x64\rc.exe /D _UNICODE /D UNICODE /l"0x0409" /ID:\DXTK\packages\directxtk_desktop_2015.2017.12.13.1\build\native\../..//build/native/include/ /nologo /fo"x64\Debug\resource.res" resource.rc 
       ManifestResourceCompile:
         C:\Program Files (x86)\Windows Kits\8.1\bin\x64\rc.exe /nologo /fo"x64\Debug\DXTK.exe.embed.manifest.res" x64\Debug\DXTK_manifest.rc 
       Link:
         C:\Program Files (x86)\Microsoft Visual Studio 14.0\VC\bin\amd64\link.exe /ERRORREPORT:PROMPT /OUT:"D:\DXTK\x64\Debug\DXTK.exe" /INCREMENTAL /NOLOGO D:\DXTK\packages\directxtk_desktop_2015.2017.12.13.1\build\native\../..//build/native/lib/x64\Debug\DirectXTKAudioDX.lib D:\DXTK\packages\directxtk_desktop_2015.2017.12.13.1\build\native\../..//build/native/lib/x64\Debug\DirectXTK.lib d3d11.lib dxguid.lib uuid.lib kernel32.lib user32.lib gdi32.lib winspool.lib comdlg32.lib advapi32.lib shell32.lib ole32.lib oleaut32.lib uuid.lib odbc32.lib odbccp32.lib kernel32.lib user32.lib gdi32.lib winspool.lib comdlg32.lib advapi32.lib shell32.lib ole32.lib oleaut32.lib uuid.lib odbc32.lib odbccp32.lib /MANIFEST /MANIFESTUAC:"level='asInvoker' uiAccess='false'" /manifest:embed /manifestinput:settings.manifest /Debug /PDB:"D:\DXTK\x64\Debug\DXTK.pdb" /SUBSYSTEM:WINDOWS /TLBID:1 /DYNAMICBASE /NXCOMPAT /IMPLIB:"D:\DXTK\x64\Debug\DXTK.lib" /MACHINE:X64 x64\Debug\resource.res
         x64\Debug\Game.obj
         x64\Debug\Main.obj
         x64\Debug\pch.obj
         x64\Debug\Sprite.obj
         x64\Debug\Sprite2D.obj
            Creating library D:\DXTK\x64\Debug\DXTK.lib and object D:\DXTK\x64\Debug\DXTK.exp
         DXTK.vcxproj -> D:\DXTK\x64\Debug\DXTK.exe
     1>Done Building Project "D:\DXTK\DXTK\DXTK.vcxproj" (Build target(s)).

Build succeeded.

Time Elapsed 00:00:02.88
